<?xml version="1.0" encoding="UTF-8"?>
<testsuite name="model.HabitTest" tests="5" skipped="0" failures="0" errors="0" timestamp="2024-10-12T19:03:24" hostname="DESKTOP-4K11QI4" time="0.009">
  <properties/>
  <testcase name="testGetLastStatistic()" classname="model.HabitTest" time="0.005"/>
  <testcase name="testCheckHabit()" classname="model.HabitTest" time="0.001"/>
  <testcase name="testCanBeCheckedWhenNull()" classname="model.HabitTest" time="0.001"/>
  <testcase name="testHabitCreation()" classname="model.HabitTest" time="0.0"/>
  <testcase name="testCanBeCheckedAfterFillingGaps()" classname="model.HabitTest" time="0.001"/>
  <system-out><![CDATA[]]></system-out>
  <system-err><![CDATA[]]></system-err>
</testsuite>
