<?xml version="1.0" encoding="UTF-8"?>
<testsuite name="model.AccountTest" tests="14" skipped="0" failures="0" errors="0" timestamp="2024-10-12T19:03:24" hostname="DESKTOP-4K11QI4" time="0.029">
  <properties/>
  <testcase name="testEquals_identicalAccount()" classname="model.AccountTest" time="0.012"/>
  <testcase name="testSetPassword()" classname="model.AccountTest" time="0.001"/>
  <testcase name="testToString()" classname="model.AccountTest" time="0.005"/>
  <testcase name="testEquals_differentClass()" classname="model.AccountTest" time="0.001"/>
  <testcase name="testEquals_differentEmail()" classname="model.AccountTest" time="0.001"/>
  <testcase name="testConstructorAndGetters()" classname="model.AccountTest" time="0.001"/>
  <testcase name="testSetEmail_nullThrowsException()" classname="model.AccountTest" time="0.002"/>
  <testcase name="testSetPassword_nullThrowsException()" classname="model.AccountTest" time="0.0"/>
  <testcase name="testSetRole_nullThrowsException()" classname="model.AccountTest" time="0.0"/>
  <testcase name="testHashCode()" classname="model.AccountTest" time="0.0"/>
  <testcase name="testEquals_nullObject()" classname="model.AccountTest" time="0.001"/>
  <testcase name="testSetRole()" classname="model.AccountTest" time="0.0"/>
  <testcase name="testEquals_sameObject()" classname="model.AccountTest" time="0.0"/>
  <testcase name="testSetEmail()" classname="model.AccountTest" time="0.0"/>
  <system-out><![CDATA[]]></system-out>
  <system-err><![CDATA[]]></system-err>
</testsuite>
