<?xml version="1.0" encoding="UTF-8"?>
<testsuite name="service.AccountsServiceTest" tests="11" skipped="0" failures="0" errors="0" timestamp="2024-10-12T19:03:24" hostname="DESKTOP-4K11QI4" time="0.007">
  <properties/>
  <testcase name="testCreateAccount()" classname="service.AccountsServiceTest" time="0.001"/>
  <testcase name="testCreateWithInvalidEmail()" classname="service.AccountsServiceTest" time="0.0"/>
  <testcase name="testUpdateAccount()" classname="service.AccountsServiceTest" time="0.0"/>
  <testcase name="testAddDuplicateAccount()" classname="service.AccountsServiceTest" time="0.0"/>
  <testcase name="testCreateDuplicateAccount()" classname="service.AccountsServiceTest" time="0.0"/>
  <testcase name="testUpdateNonExistentAccount()" classname="service.AccountsServiceTest" time="0.001"/>
  <testcase name="testAddNullAccount()" classname="service.AccountsServiceTest" time="0.0"/>
  <testcase name="testAddAccount()" classname="service.AccountsServiceTest" time="0.0"/>
  <testcase name="testDeleteAccount()" classname="service.AccountsServiceTest" time="0.001"/>
  <testcase name="testEmailExists()" classname="service.AccountsServiceTest" time="0.0"/>
  <testcase name="testDeleteNonExistentAccount()" classname="service.AccountsServiceTest" time="0.001"/>
  <system-out><![CDATA[]]></system-out>
  <system-err><![CDATA[]]></system-err>
</testsuite>
