<?xml version="1.0" encoding="UTF-8"?>
<testsuite name="model.UserTest" tests="6" skipped="0" failures="0" errors="0" timestamp="2024-10-12T19:03:24" hostname="DESKTOP-4K11QI4" time="0.004">
  <properties/>
  <testcase name="testGetHabitsToMark()" classname="model.UserTest" time="0.001"/>
  <testcase name="testRemoveHabit()" classname="model.UserTest" time="0.0"/>
  <testcase name="testSettersAndGetters()" classname="model.UserTest" time="0.0"/>
  <testcase name="testAddHabit()" classname="model.UserTest" time="0.001"/>
  <testcase name="testFindHabit()" classname="model.UserTest" time="0.0"/>
  <testcase name="testEqualsAndHashCode()" classname="model.UserTest" time="0.0"/>
  <system-out><![CDATA[]]></system-out>
  <system-err><![CDATA[]]></system-err>
</testsuite>
